Build output check failed:
    Regex: 'argument .* is not valid'
    Output line: 'cc1: warning: ‘-Werror=’ argument ‘-Werror=non-virtual-dtor’ is not valid for C'
Compilation failed:
    source file: '/home/jetson/SLAM/Thirdparty/opencv-4.4.0/build/CMakeFiles/CMakeTmp/src.c'
    check option: ' -fsigned-char -ffast-math -W -Wall -Werror=return-type  -Werror=non-virtual-dtor'
===== BUILD LOG =====
Change Dir: /home/jetson/SLAM/Thirdparty/opencv-4.4.0/build/CMakeFiles/CMakeTmp

Run Build Command:"/usr/bin/make" "cmTC_c6f09/fast"
/usr/bin/make -f CMakeFiles/cmTC_c6f09.dir/build.make CMakeFiles/cmTC_c6f09.dir/build
make[1]: Entering directory '/home/jetson/SLAM/Thirdparty/opencv-4.4.0/build/CMakeFiles/CMakeTmp'
Building C object CMakeFiles/cmTC_c6f09.dir/src.c.o
/usr/bin/cc   -O3 -DNDEBUG -fPIE   -fsigned-char -ffast-math -W -Wall -Werror=return-type -Werror=non-virtual-dtor -o CMakeFiles/cmTC_c6f09.dir/src.c.o   -c /home/jetson/SLAM/Thirdparty/opencv-4.4.0/build/CMakeFiles/CMakeTmp/src.c
cc1: warning: ‘-Werror=’ argument ‘-Werror=non-virtual-dtor’ is not valid for C
/home/jetson/SLAM/Thirdparty/opencv-4.4.0/build/CMakeFiles/CMakeTmp/src.c:1:0: warning: ignoring #pragma   [-Wunknown-pragmas]
 #pragma
 
Linking C executable cmTC_c6f09
/usr/bin/cmake -E cmake_link_script CMakeFiles/cmTC_c6f09.dir/link.txt --verbose=1
/usr/bin/cc   -O3 -DNDEBUG    CMakeFiles/cmTC_c6f09.dir/src.c.o  -o cmTC_c6f09 
make[1]: Leaving directory '/home/jetson/SLAM/Thirdparty/opencv-4.4.0/build/CMakeFiles/CMakeTmp'

===== END =====

Build output check failed:
    Regex: 'command[- ]line option .* is valid for .* but not for C\+\+'
    Output line: 'cc1plus: warning: command line option ‘-Wmissing-prototypes’ is valid for C/ObjC but not for C++'
Compilation failed:
    source file: '/home/jetson/SLAM/Thirdparty/opencv-4.4.0/build/CMakeFiles/CMakeTmp/src.cxx'
    check option: ' -fsigned-char -ffast-math -W -Wall -Werror=return-type -Werror=non-virtual-dtor -Werror=address -Werror=sequence-point -Wformat -Werror=format-security -Wmissing-declarations  -Wmissing-prototypes'
===== BUILD LOG =====
Change Dir: /home/jetson/SLAM/Thirdparty/opencv-4.4.0/build/CMakeFiles/CMakeTmp

Run Build Command:"/usr/bin/make" "cmTC_13941/fast"
/usr/bin/make -f CMakeFiles/cmTC_13941.dir/build.make CMakeFiles/cmTC_13941.dir/build
make[1]: Entering directory '/home/jetson/SLAM/Thirdparty/opencv-4.4.0/build/CMakeFiles/CMakeTmp'
Building CXX object CMakeFiles/cmTC_13941.dir/src.cxx.o
/usr/bin/c++    -O3 -DNDEBUG -fPIE   -fsigned-char -ffast-math -W -Wall -Werror=return-type -Werror=non-virtual-dtor -Werror=address -Werror=sequence-point -Wformat -Werror=format-security -Wmissing-declarations -Wmissing-prototypes -std=c++11 -o CMakeFiles/cmTC_13941.dir/src.cxx.o -c /home/jetson/SLAM/Thirdparty/opencv-4.4.0/build/CMakeFiles/CMakeTmp/src.cxx
cc1plus: warning: command line option ‘-Wmissing-prototypes’ is valid for C/ObjC but not for C++
/home/jetson/SLAM/Thirdparty/opencv-4.4.0/build/CMakeFiles/CMakeTmp/src.cxx:1:0: warning: ignoring #pragma   [-Wunknown-pragmas]
 #pragma
 
Linking CXX executable cmTC_13941
/usr/bin/cmake -E cmake_link_script CMakeFiles/cmTC_13941.dir/link.txt --verbose=1
/usr/bin/c++    -O3 -DNDEBUG    CMakeFiles/cmTC_13941.dir/src.cxx.o  -o cmTC_13941 
make[1]: Leaving directory '/home/jetson/SLAM/Thirdparty/opencv-4.4.0/build/CMakeFiles/CMakeTmp'

===== END =====

Build output check failed:
    Regex: 'command[- ]line option .* is valid for .* but not for C\+\+'
    Output line: 'cc1plus: warning: command line option ‘-Wstrict-prototypes’ is valid for C/ObjC but not for C++'
Compilation failed:
    source file: '/home/jetson/SLAM/Thirdparty/opencv-4.4.0/build/CMakeFiles/CMakeTmp/src.cxx'
    check option: ' -fsigned-char -ffast-math -W -Wall -Werror=return-type -Werror=non-virtual-dtor -Werror=address -Werror=sequence-point -Wformat -Werror=format-security -Wmissing-declarations  -Wstrict-prototypes'
===== BUILD LOG =====
Change Dir: /home/jetson/SLAM/Thirdparty/opencv-4.4.0/build/CMakeFiles/CMakeTmp

Run Build Command:"/usr/bin/make" "cmTC_6215f/fast"
/usr/bin/make -f CMakeFiles/cmTC_6215f.dir/build.make CMakeFiles/cmTC_6215f.dir/build
make[1]: Entering directory '/home/jetson/SLAM/Thirdparty/opencv-4.4.0/build/CMakeFiles/CMakeTmp'
Building CXX object CMakeFiles/cmTC_6215f.dir/src.cxx.o
/usr/bin/c++    -O3 -DNDEBUG -fPIE   -fsigned-char -ffast-math -W -Wall -Werror=return-type -Werror=non-virtual-dtor -Werror=address -Werror=sequence-point -Wformat -Werror=format-security -Wmissing-declarations -Wstrict-prototypes -std=c++11 -o CMakeFiles/cmTC_6215f.dir/src.cxx.o -c /home/jetson/SLAM/Thirdparty/opencv-4.4.0/build/CMakeFiles/CMakeTmp/src.cxx
cc1plus: warning: command line option ‘-Wstrict-prototypes’ is valid for C/ObjC but not for C++
/home/jetson/SLAM/Thirdparty/opencv-4.4.0/build/CMakeFiles/CMakeTmp/src.cxx:1:0: warning: ignoring #pragma   [-Wunknown-pragmas]
 #pragma
 
Linking CXX executable cmTC_6215f
/usr/bin/cmake -E cmake_link_script CMakeFiles/cmTC_6215f.dir/link.txt --verbose=1
/usr/bin/c++    -O3 -DNDEBUG    CMakeFiles/cmTC_6215f.dir/src.cxx.o  -o cmTC_6215f 
make[1]: Leaving directory '/home/jetson/SLAM/Thirdparty/opencv-4.4.0/build/CMakeFiles/CMakeTmp'

===== END =====

Build output check failed:
    Regex: 'command[- ]line option .* is valid for .* but not for C'
    Output line: 'cc1: warning: command line option ‘-Wsign-promo’ is valid for C++/ObjC++ but not for C'
Compilation failed:
    source file: '/home/jetson/SLAM/Thirdparty/opencv-4.4.0/build/CMakeFiles/CMakeTmp/src.c'
    check option: ' -fsigned-char -ffast-math -W -Wall -Werror=return-type -Werror=address -Werror=sequence-point -Wformat -Werror=format-security -Wmissing-declarations -Wmissing-prototypes -Wstrict-prototypes -Wundef -Winit-self -Wpointer-arith -Wshadow  -Wsign-promo'
===== BUILD LOG =====
Change Dir: /home/jetson/SLAM/Thirdparty/opencv-4.4.0/build/CMakeFiles/CMakeTmp

Run Build Command:"/usr/bin/make" "cmTC_e7bca/fast"
/usr/bin/make -f CMakeFiles/cmTC_e7bca.dir/build.make CMakeFiles/cmTC_e7bca.dir/build
make[1]: Entering directory '/home/jetson/SLAM/Thirdparty/opencv-4.4.0/build/CMakeFiles/CMakeTmp'
Building C object CMakeFiles/cmTC_e7bca.dir/src.c.o
/usr/bin/cc   -O3 -DNDEBUG -fPIE   -fsigned-char -ffast-math -W -Wall -Werror=return-type -Werror=address -Werror=sequence-point -Wformat -Werror=format-security -Wmissing-declarations -Wmissing-prototypes -Wstrict-prototypes -Wundef -Winit-self -Wpointer-arith -Wshadow -Wsign-promo -o CMakeFiles/cmTC_e7bca.dir/src.c.o   -c /home/jetson/SLAM/Thirdparty/opencv-4.4.0/build/CMakeFiles/CMakeTmp/src.c
cc1: warning: command line option ‘-Wsign-promo’ is valid for C++/ObjC++ but not for C
/home/jetson/SLAM/Thirdparty/opencv-4.4.0/build/CMakeFiles/CMakeTmp/src.c:1:0: warning: ignoring #pragma   [-Wunknown-pragmas]
 #pragma
 
Linking C executable cmTC_e7bca
/usr/bin/cmake -E cmake_link_script CMakeFiles/cmTC_e7bca.dir/link.txt --verbose=1
/usr/bin/cc   -O3 -DNDEBUG    CMakeFiles/cmTC_e7bca.dir/src.c.o  -o cmTC_e7bca 
make[1]: Leaving directory '/home/jetson/SLAM/Thirdparty/opencv-4.4.0/build/CMakeFiles/CMakeTmp'

===== END =====

Build output check failed:
    Regex: 'command[- ]line option .* is valid for .* but not for C'
    Output line: 'cc1: warning: command line option ‘-Wsuggest-override’ is valid for C++/ObjC++ but not for C'
Compilation failed:
    source file: '/home/jetson/SLAM/Thirdparty/opencv-4.4.0/build/CMakeFiles/CMakeTmp/src.c'
    check option: ' -fsigned-char -ffast-math -W -Wall -Werror=return-type -Werror=address -Werror=sequence-point -Wformat -Werror=format-security -Wmissing-declarations -Wmissing-prototypes -Wstrict-prototypes -Wundef -Winit-self -Wpointer-arith -Wshadow -Wuninitialized -Winit-self  -Wsuggest-override'
===== BUILD LOG =====
Change Dir: /home/jetson/SLAM/Thirdparty/opencv-4.4.0/build/CMakeFiles/CMakeTmp

Run Build Command:"/usr/bin/make" "cmTC_9ad76/fast"
/usr/bin/make -f CMakeFiles/cmTC_9ad76.dir/build.make CMakeFiles/cmTC_9ad76.dir/build
make[1]: Entering directory '/home/jetson/SLAM/Thirdparty/opencv-4.4.0/build/CMakeFiles/CMakeTmp'
Building C object CMakeFiles/cmTC_9ad76.dir/src.c.o
/usr/bin/cc   -O3 -DNDEBUG -fPIE   -fsigned-char -ffast-math -W -Wall -Werror=return-type -Werror=address -Werror=sequence-point -Wformat -Werror=format-security -Wmissing-declarations -Wmissing-prototypes -Wstrict-prototypes -Wundef -Winit-self -Wpointer-arith -Wshadow -Wuninitialized -Winit-self -Wsuggest-override -o CMakeFiles/cmTC_9ad76.dir/src.c.o   -c /home/jetson/SLAM/Thirdparty/opencv-4.4.0/build/CMakeFiles/CMakeTmp/src.c
cc1: warning: command line option ‘-Wsuggest-override’ is valid for C++/ObjC++ but not for C
/home/jetson/SLAM/Thirdparty/opencv-4.4.0/build/CMakeFiles/CMakeTmp/src.c:1:0: warning: ignoring #pragma   [-Wunknown-pragmas]
 #pragma
 
Linking C executable cmTC_9ad76
/usr/bin/cmake -E cmake_link_script CMakeFiles/cmTC_9ad76.dir/link.txt --verbose=1
/usr/bin/cc   -O3 -DNDEBUG    CMakeFiles/cmTC_9ad76.dir/src.c.o  -o cmTC_9ad76 
make[1]: Leaving directory '/home/jetson/SLAM/Thirdparty/opencv-4.4.0/build/CMakeFiles/CMakeTmp'

===== END =====

Build output check failed:
    Regex: 'command[- ]line option .* is valid for .* but not for C'
    Output line: 'cc1: warning: command line option ‘-Wno-delete-non-virtual-dtor’ is valid for C++/ObjC++ but not for C'
Compilation failed:
    source file: '/home/jetson/SLAM/Thirdparty/opencv-4.4.0/build/CMakeFiles/CMakeTmp/src.c'
    check option: ' -fsigned-char -ffast-math -W -Wall -Werror=return-type -Werror=address -Werror=sequence-point -Wformat -Werror=format-security -Wmissing-declarations -Wmissing-prototypes -Wstrict-prototypes -Wundef -Winit-self -Wpointer-arith -Wshadow -Wuninitialized -Winit-self  -Wno-delete-non-virtual-dtor'
===== BUILD LOG =====
Change Dir: /home/jetson/SLAM/Thirdparty/opencv-4.4.0/build/CMakeFiles/CMakeTmp

Run Build Command:"/usr/bin/make" "cmTC_64441/fast"
/usr/bin/make -f CMakeFiles/cmTC_64441.dir/build.make CMakeFiles/cmTC_64441.dir/build
make[1]: Entering directory '/home/jetson/SLAM/Thirdparty/opencv-4.4.0/build/CMakeFiles/CMakeTmp'
Building C object CMakeFiles/cmTC_64441.dir/src.c.o
/usr/bin/cc   -O3 -DNDEBUG -fPIE   -fsigned-char -ffast-math -W -Wall -Werror=return-type -Werror=address -Werror=sequence-point -Wformat -Werror=format-security -Wmissing-declarations -Wmissing-prototypes -Wstrict-prototypes -Wundef -Winit-self -Wpointer-arith -Wshadow -Wuninitialized -Winit-self -Wno-delete-non-virtual-dtor -o CMakeFiles/cmTC_64441.dir/src.c.o   -c /home/jetson/SLAM/Thirdparty/opencv-4.4.0/build/CMakeFiles/CMakeTmp/src.c
cc1: warning: command line option ‘-Wno-delete-non-virtual-dtor’ is valid for C++/ObjC++ but not for C
/home/jetson/SLAM/Thirdparty/opencv-4.4.0/build/CMakeFiles/CMakeTmp/src.c:1:0: warning: ignoring #pragma   [-Wunknown-pragmas]
 #pragma
 
Linking C executable cmTC_64441
/usr/bin/cmake -E cmake_link_script CMakeFiles/cmTC_64441.dir/link.txt --verbose=1
/usr/bin/cc   -O3 -DNDEBUG    CMakeFiles/cmTC_64441.dir/src.c.o  -o cmTC_64441 
make[1]: Leaving directory '/home/jetson/SLAM/Thirdparty/opencv-4.4.0/build/CMakeFiles/CMakeTmp'

===== END =====

Build output check failed:
    Regex: 'unrecognized .*option'
    Output line: 'cc1plus: warning: unrecognized command line option ‘-Wno-unnamed-type-template-args’'
Compilation failed:
    source file: '/home/jetson/SLAM/Thirdparty/opencv-4.4.0/build/CMakeFiles/CMakeTmp/src.cxx'
    check option: ' -fsigned-char -ffast-math -W -Wall -Werror=return-type -Werror=non-virtual-dtor -Werror=address -Werror=sequence-point -Wformat -Werror=format-security -Wmissing-declarations -Wundef -Winit-self -Wpointer-arith -Wshadow -Wsign-promo -Wuninitialized -Winit-self -Wsuggest-override -Wno-delete-non-virtual-dtor  -Wno-unnamed-type-template-args'
===== BUILD LOG =====
Change Dir: /home/jetson/SLAM/Thirdparty/opencv-4.4.0/build/CMakeFiles/CMakeTmp

Run Build Command:"/usr/bin/make" "cmTC_458c1/fast"
/usr/bin/make -f CMakeFiles/cmTC_458c1.dir/build.make CMakeFiles/cmTC_458c1.dir/build
make[1]: Entering directory '/home/jetson/SLAM/Thirdparty/opencv-4.4.0/build/CMakeFiles/CMakeTmp'
Building CXX object CMakeFiles/cmTC_458c1.dir/src.cxx.o
/usr/bin/c++    -O3 -DNDEBUG -fPIE   -fsigned-char -ffast-math -W -Wall -Werror=return-type -Werror=non-virtual-dtor -Werror=address -Werror=sequence-point -Wformat -Werror=format-security -Wmissing-declarations -Wundef -Winit-self -Wpointer-arith -Wshadow -Wsign-promo -Wuninitialized -Winit-self -Wsuggest-override -Wno-delete-non-virtual-dtor -Wno-unnamed-type-template-args -std=c++11 -o CMakeFiles/cmTC_458c1.dir/src.cxx.o -c /home/jetson/SLAM/Thirdparty/opencv-4.4.0/build/CMakeFiles/CMakeTmp/src.cxx
/home/jetson/SLAM/Thirdparty/opencv-4.4.0/build/CMakeFiles/CMakeTmp/src.cxx:1:0: warning: ignoring #pragma   [-Wunknown-pragmas]
 #pragma
 
cc1plus: warning: unrecognized command line option ‘-Wno-unnamed-type-template-args’
Linking CXX executable cmTC_458c1
/usr/bin/cmake -E cmake_link_script CMakeFiles/cmTC_458c1.dir/link.txt --verbose=1
/usr/bin/c++    -O3 -DNDEBUG    CMakeFiles/cmTC_458c1.dir/src.cxx.o  -o cmTC_458c1 
make[1]: Leaving directory '/home/jetson/SLAM/Thirdparty/opencv-4.4.0/build/CMakeFiles/CMakeTmp'

===== END =====

Build output check failed:
    Regex: 'unrecognized .*option'
    Output line: 'cc1: warning: unrecognized command line option ‘-Wno-unnamed-type-template-args’'
Compilation failed:
    source file: '/home/jetson/SLAM/Thirdparty/opencv-4.4.0/build/CMakeFiles/CMakeTmp/src.c'
    check option: ' -fsigned-char -ffast-math -W -Wall -Werror=return-type -Werror=address -Werror=sequence-point -Wformat -Werror=format-security -Wmissing-declarations -Wmissing-prototypes -Wstrict-prototypes -Wundef -Winit-self -Wpointer-arith -Wshadow -Wuninitialized -Winit-self  -Wno-unnamed-type-template-args'
===== BUILD LOG =====
Change Dir: /home/jetson/SLAM/Thirdparty/opencv-4.4.0/build/CMakeFiles/CMakeTmp

Run Build Command:"/usr/bin/make" "cmTC_c0d3f/fast"
/usr/bin/make -f CMakeFiles/cmTC_c0d3f.dir/build.make CMakeFiles/cmTC_c0d3f.dir/build
make[1]: Entering directory '/home/jetson/SLAM/Thirdparty/opencv-4.4.0/build/CMakeFiles/CMakeTmp'
Building C object CMakeFiles/cmTC_c0d3f.dir/src.c.o
/usr/bin/cc   -O3 -DNDEBUG -fPIE   -fsigned-char -ffast-math -W -Wall -Werror=return-type -Werror=address -Werror=sequence-point -Wformat -Werror=format-security -Wmissing-declarations -Wmissing-prototypes -Wstrict-prototypes -Wundef -Winit-self -Wpointer-arith -Wshadow -Wuninitialized -Winit-self -Wno-unnamed-type-template-args -o CMakeFiles/cmTC_c0d3f.dir/src.c.o   -c /home/jetson/SLAM/Thirdparty/opencv-4.4.0/build/CMakeFiles/CMakeTmp/src.c
/home/jetson/SLAM/Thirdparty/opencv-4.4.0/build/CMakeFiles/CMakeTmp/src.c:1:0: warning: ignoring #pragma   [-Wunknown-pragmas]
 #pragma
 
cc1: warning: unrecognized command line option ‘-Wno-unnamed-type-template-args’
Linking C executable cmTC_c0d3f
/usr/bin/cmake -E cmake_link_script CMakeFiles/cmTC_c0d3f.dir/link.txt --verbose=1
/usr/bin/cc   -O3 -DNDEBUG    CMakeFiles/cmTC_c0d3f.dir/src.c.o  -o cmTC_c0d3f 
make[1]: Leaving directory '/home/jetson/SLAM/Thirdparty/opencv-4.4.0/build/CMakeFiles/CMakeTmp'

===== END =====

Build output check failed:
    Regex: 'command[- ]line option .* is valid for .* but not for C'
    Output line: 'cc1: warning: command line option ‘-fvisibility-inlines-hidden’ is valid for C++/ObjC++ but not for C'
Compilation failed:
    source file: '/home/jetson/SLAM/Thirdparty/opencv-4.4.0/build/CMakeFiles/CMakeTmp/src.c'
    check option: ' -fsigned-char -ffast-math -W -Wall -Werror=return-type -Werror=address -Werror=sequence-point -Wformat -Werror=format-security -Wmissing-declarations -Wmissing-prototypes -Wstrict-prototypes -Wundef -Winit-self -Wpointer-arith -Wshadow -Wuninitialized -Winit-self -Wno-comment -Wimplicit-fallthrough=3 -Wno-strict-overflow -fdiagnostics-show-option -Wno-long-long -pthread -fomit-frame-pointer -ffunction-sections -fdata-sections  -msse -msse2 -msse3 -fvisibility=hidden  -fvisibility-inlines-hidden'
===== BUILD LOG =====
Change Dir: /home/jetson/SLAM/Thirdparty/opencv-4.4.0/build/CMakeFiles/CMakeTmp

Run Build Command:"/usr/bin/make" "cmTC_d0ed7/fast"
/usr/bin/make -f CMakeFiles/cmTC_d0ed7.dir/build.make CMakeFiles/cmTC_d0ed7.dir/build
make[1]: Entering directory '/home/jetson/SLAM/Thirdparty/opencv-4.4.0/build/CMakeFiles/CMakeTmp'
Building C object CMakeFiles/cmTC_d0ed7.dir/src.c.o
/usr/bin/cc   -O3 -DNDEBUG -fPIE   -fsigned-char -ffast-math -W -Wall -Werror=return-type -Werror=address -Werror=sequence-point -Wformat -Werror=format-security -Wmissing-declarations -Wmissing-prototypes -Wstrict-prototypes -Wundef -Winit-self -Wpointer-arith -Wshadow -Wuninitialized -Winit-self -Wno-comment -Wimplicit-fallthrough=3 -Wno-strict-overflow -fdiagnostics-show-option -Wno-long-long -pthread -fomit-frame-pointer -ffunction-sections -fdata-sections -msse -msse2 -msse3 -fvisibility=hidden -fvisibility-inlines-hidden -o CMakeFiles/cmTC_d0ed7.dir/src.c.o   -c /home/jetson/SLAM/Thirdparty/opencv-4.4.0/build/CMakeFiles/CMakeTmp/src.c
cc1: warning: command line option ‘-fvisibility-inlines-hidden’ is valid for C++/ObjC++ but not for C
/home/jetson/SLAM/Thirdparty/opencv-4.4.0/build/CMakeFiles/CMakeTmp/src.c:1:0: warning: ignoring #pragma   [-Wunknown-pragmas]
 #pragma
 
Linking C executable cmTC_d0ed7
/usr/bin/cmake -E cmake_link_script CMakeFiles/cmTC_d0ed7.dir/link.txt --verbose=1
/usr/bin/cc   -O3 -DNDEBUG    CMakeFiles/cmTC_d0ed7.dir/src.c.o  -o cmTC_d0ed7 
make[1]: Leaving directory '/home/jetson/SLAM/Thirdparty/opencv-4.4.0/build/CMakeFiles/CMakeTmp'

===== END =====

Determining if the pthread_create exist failed with the following output:
Change Dir: /home/jetson/SLAM/Thirdparty/opencv-4.4.0/build/CMakeFiles/CMakeTmp

Run Build Command:"/usr/bin/make" "cmTC_03c54/fast"
/usr/bin/make -f CMakeFiles/cmTC_03c54.dir/build.make CMakeFiles/cmTC_03c54.dir/build
make[1]: Entering directory '/home/jetson/SLAM/Thirdparty/opencv-4.4.0/build/CMakeFiles/CMakeTmp'
Building C object CMakeFiles/cmTC_03c54.dir/CheckSymbolExists.c.o
/usr/bin/cc   -fPIC  -O3 -DNDEBUG  -DNDEBUG -fPIE   -o CMakeFiles/cmTC_03c54.dir/CheckSymbolExists.c.o   -c /home/jetson/SLAM/Thirdparty/opencv-4.4.0/build/CMakeFiles/CMakeTmp/CheckSymbolExists.c
Linking C executable cmTC_03c54
/usr/bin/cmake -E cmake_link_script CMakeFiles/cmTC_03c54.dir/link.txt --verbose=1
/usr/bin/cc -fPIC  -O3 -DNDEBUG  -DNDEBUG    -Wl,--gc-sections -Wl,--as-needed  CMakeFiles/cmTC_03c54.dir/CheckSymbolExists.c.o  -o cmTC_03c54 
CMakeFiles/cmTC_03c54.dir/CheckSymbolExists.c.o: In function `main':
CheckSymbolExists.c:(.text.startup+0x3): undefined reference to `pthread_create'
collect2: error: ld returned 1 exit status
CMakeFiles/cmTC_03c54.dir/build.make:97: recipe for target 'cmTC_03c54' failed
make[1]: *** [cmTC_03c54] Error 1
make[1]: Leaving directory '/home/jetson/SLAM/Thirdparty/opencv-4.4.0/build/CMakeFiles/CMakeTmp'
Makefile:126: recipe for target 'cmTC_03c54/fast' failed
make: *** [cmTC_03c54/fast] Error 2

File /home/jetson/SLAM/Thirdparty/opencv-4.4.0/build/CMakeFiles/CMakeTmp/CheckSymbolExists.c:
/* */
#include <pthread.h>

int main(int argc, char** argv)
{
  (void)argv;
#ifndef pthread_create
  return ((int*)(&pthread_create))[argc];
#else
  (void)argc;
  return 0;
#endif
}

Determining if the function pthread_create exists in the pthreads failed with the following output:
Change Dir: /home/jetson/SLAM/Thirdparty/opencv-4.4.0/build/CMakeFiles/CMakeTmp

Run Build Command:"/usr/bin/make" "cmTC_14d41/fast"
/usr/bin/make -f CMakeFiles/cmTC_14d41.dir/build.make CMakeFiles/cmTC_14d41.dir/build
make[1]: Entering directory '/home/jetson/SLAM/Thirdparty/opencv-4.4.0/build/CMakeFiles/CMakeTmp'
Building C object CMakeFiles/cmTC_14d41.dir/CheckFunctionExists.c.o
/usr/bin/cc   -fPIC -DCHECK_FUNCTION_EXISTS=pthread_create -O3 -DNDEBUG  -DNDEBUG -fPIE   -o CMakeFiles/cmTC_14d41.dir/CheckFunctionExists.c.o   -c /usr/share/cmake-3.10/Modules/CheckFunctionExists.c
Linking C executable cmTC_14d41
/usr/bin/cmake -E cmake_link_script CMakeFiles/cmTC_14d41.dir/link.txt --verbose=1
/usr/bin/cc -fPIC -DCHECK_FUNCTION_EXISTS=pthread_create -O3 -DNDEBUG  -DNDEBUG    -Wl,--gc-sections -Wl,--as-needed  CMakeFiles/cmTC_14d41.dir/CheckFunctionExists.c.o  -o cmTC_14d41 -lpthreads 
/usr/bin/ld: cannot find -lpthreads
collect2: error: ld returned 1 exit status
CMakeFiles/cmTC_14d41.dir/build.make:97: recipe for target 'cmTC_14d41' failed
make[1]: *** [cmTC_14d41] Error 1
make[1]: Leaving directory '/home/jetson/SLAM/Thirdparty/opencv-4.4.0/build/CMakeFiles/CMakeTmp'
Makefile:126: recipe for target 'cmTC_14d41/fast' failed
make: *** [cmTC_14d41/fast] Error 2


Build output check failed:
    Regex: 'command[- ]line option .* is valid for .* but not for C\+\+'
    Output line: 'cc1plus: warning: command line option ‘-Wno-missing-prototypes’ is valid for C/ObjC but not for C++'
Compilation failed:
    source file: '/home/jetson/SLAM/Thirdparty/opencv-4.4.0/build/CMakeFiles/CMakeTmp/src.cxx'
    check option: ' -Wno-missing-prototypes'
===== BUILD LOG =====
Change Dir: /home/jetson/SLAM/Thirdparty/opencv-4.4.0/build/CMakeFiles/CMakeTmp

Run Build Command:"/usr/bin/make" "cmTC_54438/fast"
/usr/bin/make -f CMakeFiles/cmTC_54438.dir/build.make CMakeFiles/cmTC_54438.dir/build
make[1]: Entering directory '/home/jetson/SLAM/Thirdparty/opencv-4.4.0/build/CMakeFiles/CMakeTmp'
Building CXX object CMakeFiles/cmTC_54438.dir/src.cxx.o
/usr/bin/c++    -fsigned-char -ffast-math -W -Wall -Werror=return-type -Werror=non-virtual-dtor -Werror=address -Werror=sequence-point -Wformat -Werror=format-security -Wmissing-declarations -Wundef -Winit-self -Wpointer-arith -Wshadow -Wsign-promo -Wuninitialized -Winit-self -Wsuggest-override -Wno-delete-non-virtual-dtor -Wno-comment -Wimplicit-fallthrough=3 -Wno-strict-overflow -fdiagnostics-show-option -Wno-long-long -pthread -fomit-frame-pointer -ffunction-sections -fdata-sections  -msse -msse2 -msse3 -fvisibility=hidden -fvisibility-inlines-hidden -Wno-deprecated  -O3 -DNDEBUG  -DNDEBUG -fPIE   -Wno-missing-prototypes -std=c++11 -o CMakeFiles/cmTC_54438.dir/src.cxx.o -c /home/jetson/SLAM/Thirdparty/opencv-4.4.0/build/CMakeFiles/CMakeTmp/src.cxx
cc1plus: warning: command line option ‘-Wno-missing-prototypes’ is valid for C/ObjC but not for C++
/home/jetson/SLAM/Thirdparty/opencv-4.4.0/build/CMakeFiles/CMakeTmp/src.cxx:1:0: warning: ignoring #pragma   [-Wunknown-pragmas]
 #pragma
 
Linking CXX executable cmTC_54438
/usr/bin/cmake -E cmake_link_script CMakeFiles/cmTC_54438.dir/link.txt --verbose=1
/usr/bin/c++     -fsigned-char -ffast-math -W -Wall -Werror=return-type -Werror=non-virtual-dtor -Werror=address -Werror=sequence-point -Wformat -Werror=format-security -Wmissing-declarations -Wundef -Winit-self -Wpointer-arith -Wshadow -Wsign-promo -Wuninitialized -Winit-self -Wsuggest-override -Wno-delete-non-virtual-dtor -Wno-comment -Wimplicit-fallthrough=3 -Wno-strict-overflow -fdiagnostics-show-option -Wno-long-long -pthread -fomit-frame-pointer -ffunction-sections -fdata-sections  -msse -msse2 -msse3 -fvisibility=hidden -fvisibility-inlines-hidden -Wno-deprecated  -O3 -DNDEBUG  -DNDEBUG    -Wl,--gc-sections -Wl,--as-needed  CMakeFiles/cmTC_54438.dir/src.cxx.o  -o cmTC_54438 
make[1]: Leaving directory '/home/jetson/SLAM/Thirdparty/opencv-4.4.0/build/CMakeFiles/CMakeTmp'

===== END =====

Build output check failed:
    Regex: 'unrecognized .*option'
    Output line: 'cc1plus: warning: unrecognized command line option ‘-Wno-tautological-undefined-compare’'
Compilation failed:
    source file: '/home/jetson/SLAM/Thirdparty/opencv-4.4.0/build/CMakeFiles/CMakeTmp/src.cxx'
    check option: ' -Wno-tautological-undefined-compare'
===== BUILD LOG =====
Change Dir: /home/jetson/SLAM/Thirdparty/opencv-4.4.0/build/CMakeFiles/CMakeTmp

Run Build Command:"/usr/bin/make" "cmTC_d6c96/fast"
/usr/bin/make -f CMakeFiles/cmTC_d6c96.dir/build.make CMakeFiles/cmTC_d6c96.dir/build
make[1]: Entering directory '/home/jetson/SLAM/Thirdparty/opencv-4.4.0/build/CMakeFiles/CMakeTmp'
Building CXX object CMakeFiles/cmTC_d6c96.dir/src.cxx.o
/usr/bin/c++    -fsigned-char -ffast-math -W -Wall -Werror=return-type -Werror=non-virtual-dtor -Werror=address -Werror=sequence-point -Wformat -Werror=format-security -Winit-self -Wpointer-arith -Wuninitialized -Winit-self -Wsuggest-override -Wno-delete-non-virtual-dtor -Wno-comment -Wimplicit-fallthrough=3 -Wno-strict-overflow -fdiagnostics-show-option -Wno-long-long -pthread -fomit-frame-pointer -ffunction-sections -fdata-sections  -msse -msse2 -msse3 -fvisibility=hidden -fvisibility-inlines-hidden -Wno-deprecated -Wno-missing-declarations -Wno-shadow -Wno-unused-parameter -Wno-unused-local-typedefs -Wno-sign-compare -Wno-sign-promo -Wno-undef  -O3 -DNDEBUG  -DNDEBUG -fPIE   -Wno-tautological-undefined-compare -std=c++11 -o CMakeFiles/cmTC_d6c96.dir/src.cxx.o -c /home/jetson/SLAM/Thirdparty/opencv-4.4.0/build/CMakeFiles/CMakeTmp/src.cxx
/home/jetson/SLAM/Thirdparty/opencv-4.4.0/build/CMakeFiles/CMakeTmp/src.cxx:1:0: warning: ignoring #pragma   [-Wunknown-pragmas]
 #pragma
 
cc1plus: warning: unrecognized command line option ‘-Wno-tautological-undefined-compare’
Linking CXX executable cmTC_d6c96
/usr/bin/cmake -E cmake_link_script CMakeFiles/cmTC_d6c96.dir/link.txt --verbose=1
/usr/bin/c++     -fsigned-char -ffast-math -W -Wall -Werror=return-type -Werror=non-virtual-dtor -Werror=address -Werror=sequence-point -Wformat -Werror=format-security -Winit-self -Wpointer-arith -Wuninitialized -Winit-self -Wsuggest-override -Wno-delete-non-virtual-dtor -Wno-comment -Wimplicit-fallthrough=3 -Wno-strict-overflow -fdiagnostics-show-option -Wno-long-long -pthread -fomit-frame-pointer -ffunction-sections -fdata-sections  -msse -msse2 -msse3 -fvisibility=hidden -fvisibility-inlines-hidden -Wno-deprecated -Wno-missing-declarations -Wno-shadow -Wno-unused-parameter -Wno-unused-local-typedefs -Wno-sign-compare -Wno-sign-promo -Wno-undef  -O3 -DNDEBUG  -DNDEBUG    -Wl,--gc-sections -Wl,--as-needed  CMakeFiles/cmTC_d6c96.dir/src.cxx.o  -o cmTC_d6c96 
make[1]: Leaving directory '/home/jetson/SLAM/Thirdparty/opencv-4.4.0/build/CMakeFiles/CMakeTmp'

===== END =====

Build output check failed:
    Regex: 'unrecognized .*option'
    Output line: 'cc1plus: warning: unrecognized command line option ‘-Wno-shorten-64-to-32’'
Compilation failed:
    source file: '/home/jetson/SLAM/Thirdparty/opencv-4.4.0/build/CMakeFiles/CMakeTmp/src.cxx'
    check option: ' -Wno-shorten-64-to-32'
===== BUILD LOG =====
Change Dir: /home/jetson/SLAM/Thirdparty/opencv-4.4.0/build/CMakeFiles/CMakeTmp

Run Build Command:"/usr/bin/make" "cmTC_091d3/fast"
/usr/bin/make -f CMakeFiles/cmTC_091d3.dir/build.make CMakeFiles/cmTC_091d3.dir/build
make[1]: Entering directory '/home/jetson/SLAM/Thirdparty/opencv-4.4.0/build/CMakeFiles/CMakeTmp'
Building CXX object CMakeFiles/cmTC_091d3.dir/src.cxx.o
/usr/bin/c++    -fsigned-char -ffast-math -W -Wall -Werror=return-type -Werror=non-virtual-dtor -Werror=address -Werror=sequence-point -Wformat -Werror=format-security -Winit-self -Wpointer-arith -Wuninitialized -Winit-self -Wsuggest-override -Wno-delete-non-virtual-dtor -Wno-comment -Wimplicit-fallthrough=3 -Wno-strict-overflow -fdiagnostics-show-option -Wno-long-long -pthread -fomit-frame-pointer -ffunction-sections -fdata-sections  -msse -msse2 -msse3 -fvisibility=hidden -fvisibility-inlines-hidden -Wno-deprecated -Wno-missing-declarations -Wno-shadow -Wno-unused-parameter -Wno-unused-local-typedefs -Wno-sign-compare -Wno-sign-promo -Wno-undef -Wno-ignored-qualifiers -Wno-extra -Wno-unused-function -Wno-unused-const-variable  -O3 -DNDEBUG  -DNDEBUG -fPIE   -Wno-shorten-64-to-32 -std=c++11 -o CMakeFiles/cmTC_091d3.dir/src.cxx.o -c /home/jetson/SLAM/Thirdparty/opencv-4.4.0/build/CMakeFiles/CMakeTmp/src.cxx
/home/jetson/SLAM/Thirdparty/opencv-4.4.0/build/CMakeFiles/CMakeTmp/src.cxx:1:0: warning: ignoring #pragma   [-Wunknown-pragmas]
 #pragma
 
cc1plus: warning: unrecognized command line option ‘-Wno-shorten-64-to-32’
Linking CXX executable cmTC_091d3
/usr/bin/cmake -E cmake_link_script CMakeFiles/cmTC_091d3.dir/link.txt --verbose=1
/usr/bin/c++     -fsigned-char -ffast-math -W -Wall -Werror=return-type -Werror=non-virtual-dtor -Werror=address -Werror=sequence-point -Wformat -Werror=format-security -Winit-self -Wpointer-arith -Wuninitialized -Winit-self -Wsuggest-override -Wno-delete-non-virtual-dtor -Wno-comment -Wimplicit-fallthrough=3 -Wno-strict-overflow -fdiagnostics-show-option -Wno-long-long -pthread -fomit-frame-pointer -ffunction-sections -fdata-sections  -msse -msse2 -msse3 -fvisibility=hidden -fvisibility-inlines-hidden -Wno-deprecated -Wno-missing-declarations -Wno-shadow -Wno-unused-parameter -Wno-unused-local-typedefs -Wno-sign-compare -Wno-sign-promo -Wno-undef -Wno-ignored-qualifiers -Wno-extra -Wno-unused-function -Wno-unused-const-variable  -O3 -DNDEBUG  -DNDEBUG    -Wl,--gc-sections -Wl,--as-needed  CMakeFiles/cmTC_091d3.dir/src.cxx.o  -o cmTC_091d3 
make[1]: Leaving directory '/home/jetson/SLAM/Thirdparty/opencv-4.4.0/build/CMakeFiles/CMakeTmp'

===== END =====

Build output check failed:
    Regex: 'unrecognized .*option'
    Output line: 'cc1plus: warning: unrecognized command line option ‘-Wno-enum-compare-switch’'
Compilation failed:
    source file: '/home/jetson/SLAM/Thirdparty/opencv-4.4.0/build/CMakeFiles/CMakeTmp/src.cxx'
    check option: ' -Wno-enum-compare-switch'
===== BUILD LOG =====
Change Dir: /home/jetson/SLAM/Thirdparty/opencv-4.4.0/build/CMakeFiles/CMakeTmp

Run Build Command:"/usr/bin/make" "cmTC_839ef/fast"
/usr/bin/make -f CMakeFiles/cmTC_839ef.dir/build.make CMakeFiles/cmTC_839ef.dir/build
make[1]: Entering directory '/home/jetson/SLAM/Thirdparty/opencv-4.4.0/build/CMakeFiles/CMakeTmp'
Building CXX object CMakeFiles/cmTC_839ef.dir/src.cxx.o
/usr/bin/c++    -fsigned-char -ffast-math -W -Wall -Werror=return-type -Werror=non-virtual-dtor -Werror=address -Werror=sequence-point -Wformat -Werror=format-security -Winit-self -Wpointer-arith -Wuninitialized -Winit-self -Wsuggest-override -Wno-delete-non-virtual-dtor -Wno-comment -Wimplicit-fallthrough=3 -Wno-strict-overflow -fdiagnostics-show-option -Wno-long-long -pthread -fomit-frame-pointer -ffunction-sections -fdata-sections  -msse -msse2 -msse3 -fvisibility=hidden -fvisibility-inlines-hidden -Wno-deprecated -Wno-missing-declarations -Wno-shadow -Wno-unused-parameter -Wno-unused-local-typedefs -Wno-sign-compare -Wno-sign-promo -Wno-undef -Wno-ignored-qualifiers -Wno-extra -Wno-unused-function -Wno-unused-const-variable -Wno-invalid-offsetof  -O3 -DNDEBUG  -DNDEBUG -fPIE   -Wno-enum-compare-switch -std=c++11 -o CMakeFiles/cmTC_839ef.dir/src.cxx.o -c /home/jetson/SLAM/Thirdparty/opencv-4.4.0/build/CMakeFiles/CMakeTmp/src.cxx
/home/jetson/SLAM/Thirdparty/opencv-4.4.0/build/CMakeFiles/CMakeTmp/src.cxx:1:0: warning: ignoring #pragma   [-Wunknown-pragmas]
 #pragma
 
cc1plus: warning: unrecognized command line option ‘-Wno-enum-compare-switch’
Linking CXX executable cmTC_839ef
/usr/bin/cmake -E cmake_link_script CMakeFiles/cmTC_839ef.dir/link.txt --verbose=1
/usr/bin/c++     -fsigned-char -ffast-math -W -Wall -Werror=return-type -Werror=non-virtual-dtor -Werror=address -Werror=sequence-point -Wformat -Werror=format-security -Winit-self -Wpointer-arith -Wuninitialized -Winit-self -Wsuggest-override -Wno-delete-non-virtual-dtor -Wno-comment -Wimplicit-fallthrough=3 -Wno-strict-overflow -fdiagnostics-show-option -Wno-long-long -pthread -fomit-frame-pointer -ffunction-sections -fdata-sections  -msse -msse2 -msse3 -fvisibility=hidden -fvisibility-inlines-hidden -Wno-deprecated -Wno-missing-declarations -Wno-shadow -Wno-unused-parameter -Wno-unused-local-typedefs -Wno-sign-compare -Wno-sign-promo -Wno-undef -Wno-ignored-qualifiers -Wno-extra -Wno-unused-function -Wno-unused-const-variable -Wno-invalid-offsetof  -O3 -DNDEBUG  -DNDEBUG    -Wl,--gc-sections -Wl,--as-needed  CMakeFiles/cmTC_839ef.dir/src.cxx.o  -o cmTC_839ef 
make[1]: Leaving directory '/home/jetson/SLAM/Thirdparty/opencv-4.4.0/build/CMakeFiles/CMakeTmp'

===== END =====

Build output check failed:
    Regex: 'unrecognized .*option'
    Output line: 'cc1plus: warning: unrecognized command line option ‘-Wno-inconsistent-missing-override’'
Compilation failed:
    source file: '/home/jetson/SLAM/Thirdparty/opencv-4.4.0/build/CMakeFiles/CMakeTmp/src.cxx'
    check option: ' -Wno-inconsistent-missing-override'
===== BUILD LOG =====
Change Dir: /home/jetson/SLAM/Thirdparty/opencv-4.4.0/build/CMakeFiles/CMakeTmp

Run Build Command:"/usr/bin/make" "cmTC_82f4c/fast"
/usr/bin/make -f CMakeFiles/cmTC_82f4c.dir/build.make CMakeFiles/cmTC_82f4c.dir/build
make[1]: Entering directory '/home/jetson/SLAM/Thirdparty/opencv-4.4.0/build/CMakeFiles/CMakeTmp'
Building CXX object CMakeFiles/cmTC_82f4c.dir/src.cxx.o
/usr/bin/c++    -fsigned-char -ffast-math -W -Wall -Werror=return-type -Werror=non-virtual-dtor -Werror=address -Werror=sequence-point -Wformat -Werror=format-security -Winit-self -Wpointer-arith -Wuninitialized -Winit-self -Wno-delete-non-virtual-dtor -Wno-comment -Wimplicit-fallthrough=3 -Wno-strict-overflow -fdiagnostics-show-option -Wno-long-long -pthread -fomit-frame-pointer -ffunction-sections -fdata-sections  -msse -msse2 -msse3 -fvisibility=hidden -fvisibility-inlines-hidden -Wno-deprecated -Wno-missing-declarations -Wno-shadow -Wno-unused-parameter -Wno-unused-local-typedefs -Wno-sign-compare -Wno-sign-promo -Wno-undef -Wno-ignored-qualifiers -Wno-extra -Wno-unused-function -Wno-unused-const-variable -Wno-invalid-offsetof -Wno-suggest-override  -O3 -DNDEBUG  -DNDEBUG -fPIE   -Wno-inconsistent-missing-override -std=c++11 -o CMakeFiles/cmTC_82f4c.dir/src.cxx.o -c /home/jetson/SLAM/Thirdparty/opencv-4.4.0/build/CMakeFiles/CMakeTmp/src.cxx
/home/jetson/SLAM/Thirdparty/opencv-4.4.0/build/CMakeFiles/CMakeTmp/src.cxx:1:0: warning: ignoring #pragma   [-Wunknown-pragmas]
 #pragma
 
cc1plus: warning: unrecognized command line option ‘-Wno-inconsistent-missing-override’
Linking CXX executable cmTC_82f4c
/usr/bin/cmake -E cmake_link_script CMakeFiles/cmTC_82f4c.dir/link.txt --verbose=1
/usr/bin/c++     -fsigned-char -ffast-math -W -Wall -Werror=return-type -Werror=non-virtual-dtor -Werror=address -Werror=sequence-point -Wformat -Werror=format-security -Winit-self -Wpointer-arith -Wuninitialized -Winit-self -Wno-delete-non-virtual-dtor -Wno-comment -Wimplicit-fallthrough=3 -Wno-strict-overflow -fdiagnostics-show-option -Wno-long-long -pthread -fomit-frame-pointer -ffunction-sections -fdata-sections  -msse -msse2 -msse3 -fvisibility=hidden -fvisibility-inlines-hidden -Wno-deprecated -Wno-missing-declarations -Wno-shadow -Wno-unused-parameter -Wno-unused-local-typedefs -Wno-sign-compare -Wno-sign-promo -Wno-undef -Wno-ignored-qualifiers -Wno-extra -Wno-unused-function -Wno-unused-const-variable -Wno-invalid-offsetof -Wno-suggest-override  -O3 -DNDEBUG  -DNDEBUG    -Wl,--gc-sections -Wl,--as-needed  CMakeFiles/cmTC_82f4c.dir/src.cxx.o  -o cmTC_82f4c 
make[1]: Leaving directory '/home/jetson/SLAM/Thirdparty/opencv-4.4.0/build/CMakeFiles/CMakeTmp'

===== END =====

Determining if the include file sys/videoio.h exists failed with the following output:
Change Dir: /home/jetson/SLAM/Thirdparty/opencv-4.4.0/build/CMakeFiles/CMakeTmp

Run Build Command:"/usr/bin/make" "cmTC_d7f2f/fast"
/usr/bin/make -f CMakeFiles/cmTC_d7f2f.dir/build.make CMakeFiles/cmTC_d7f2f.dir/build
make[1]: Entering directory '/home/jetson/SLAM/Thirdparty/opencv-4.4.0/build/CMakeFiles/CMakeTmp'
Building C object CMakeFiles/cmTC_d7f2f.dir/CheckIncludeFile.c.o
/usr/bin/cc   -fsigned-char -ffast-math -W -Wall -Werror=return-type -Werror=address -Werror=sequence-point -Wformat -Werror=format-security -Wmissing-declarations -Wmissing-prototypes -Wstrict-prototypes -Wundef -Winit-self -Wpointer-arith -Wshadow -Wuninitialized -Winit-self -Wno-comment -Wimplicit-fallthrough=3 -Wno-strict-overflow -fdiagnostics-show-option -Wno-long-long -pthread -fomit-frame-pointer -ffunction-sections -fdata-sections  -msse -msse2 -msse3 -fvisibility=hidden  -O3 -DNDEBUG  -DNDEBUG -fPIE   -o CMakeFiles/cmTC_d7f2f.dir/CheckIncludeFile.c.o   -c /home/jetson/SLAM/Thirdparty/opencv-4.4.0/build/CMakeFiles/CMakeTmp/CheckIncludeFile.c
/home/jetson/SLAM/Thirdparty/opencv-4.4.0/build/CMakeFiles/CMakeTmp/CheckIncludeFile.c:1:10: fatal error: sys/videoio.h: No such file or directory
 #include <sys/videoio.h>
          ^~~~~~~~~~~~~~~
compilation terminated.
CMakeFiles/cmTC_d7f2f.dir/build.make:65: recipe for target 'CMakeFiles/cmTC_d7f2f.dir/CheckIncludeFile.c.o' failed
make[1]: *** [CMakeFiles/cmTC_d7f2f.dir/CheckIncludeFile.c.o] Error 1
make[1]: Leaving directory '/home/jetson/SLAM/Thirdparty/opencv-4.4.0/build/CMakeFiles/CMakeTmp'
Makefile:126: recipe for target 'cmTC_d7f2f/fast' failed
make: *** [cmTC_d7f2f/fast] Error 2


Build output check failed:
    Regex: 'unrecognized .*option'
    Output line: 'cc1plus: warning: unrecognized command line option ‘-Wno-unused-private-field’'
Compilation failed:
    source file: '/home/jetson/SLAM/Thirdparty/opencv-4.4.0/build/CMakeFiles/CMakeTmp/src.cxx'
    check option: ' -Wno-unused-private-field'
===== BUILD LOG =====
Change Dir: /home/jetson/SLAM/Thirdparty/opencv-4.4.0/build/CMakeFiles/CMakeTmp

Run Build Command:"/usr/bin/make" "cmTC_c6c81/fast"
/usr/bin/make -f CMakeFiles/cmTC_c6c81.dir/build.make CMakeFiles/cmTC_c6c81.dir/build
make[1]: Entering directory '/home/jetson/SLAM/Thirdparty/opencv-4.4.0/build/CMakeFiles/CMakeTmp'
Building CXX object CMakeFiles/cmTC_c6c81.dir/src.cxx.o
/usr/bin/c++    -fsigned-char -ffast-math -W -Wall -Werror=return-type -Werror=non-virtual-dtor -Werror=address -Werror=sequence-point -Wformat -Werror=format-security -Wmissing-declarations -Wundef -Winit-self -Wpointer-arith -Wshadow -Wsign-promo -Wuninitialized -Winit-self -Wsuggest-override -Wno-delete-non-virtual-dtor -Wno-comment -Wimplicit-fallthrough=3 -Wno-strict-overflow -fdiagnostics-show-option -Wno-long-long -pthread -fomit-frame-pointer -ffunction-sections -fdata-sections  -msse -msse2 -msse3 -fvisibility=hidden -fvisibility-inlines-hidden -Wno-unused-function -Wno-deprecated-declarations -Wno-overloaded-virtual  -O3 -DNDEBUG  -DNDEBUG -fPIE   -Wno-unused-private-field -std=c++11 -o CMakeFiles/cmTC_c6c81.dir/src.cxx.o -c /home/jetson/SLAM/Thirdparty/opencv-4.4.0/build/CMakeFiles/CMakeTmp/src.cxx
/home/jetson/SLAM/Thirdparty/opencv-4.4.0/build/CMakeFiles/CMakeTmp/src.cxx:1:0: warning: ignoring #pragma   [-Wunknown-pragmas]
 #pragma
 
cc1plus: warning: unrecognized command line option ‘-Wno-unused-private-field’
Linking CXX executable cmTC_c6c81
/usr/bin/cmake -E cmake_link_script CMakeFiles/cmTC_c6c81.dir/link.txt --verbose=1
/usr/bin/c++     -fsigned-char -ffast-math -W -Wall -Werror=return-type -Werror=non-virtual-dtor -Werror=address -Werror=sequence-point -Wformat -Werror=format-security -Wmissing-declarations -Wundef -Winit-self -Wpointer-arith -Wshadow -Wsign-promo -Wuninitialized -Winit-self -Wsuggest-override -Wno-delete-non-virtual-dtor -Wno-comment -Wimplicit-fallthrough=3 -Wno-strict-overflow -fdiagnostics-show-option -Wno-long-long -pthread -fomit-frame-pointer -ffunction-sections -fdata-sections  -msse -msse2 -msse3 -fvisibility=hidden -fvisibility-inlines-hidden -Wno-unused-function -Wno-deprecated-declarations -Wno-overloaded-virtual  -O3 -DNDEBUG  -DNDEBUG    -Wl,--gc-sections -Wl,--as-needed  CMakeFiles/cmTC_c6c81.dir/src.cxx.o  -o cmTC_c6c81 
make[1]: Leaving directory '/home/jetson/SLAM/Thirdparty/opencv-4.4.0/build/CMakeFiles/CMakeTmp'

===== END =====

